0 info it worked if it ends with ok
1 verbose cli [ 'C:\\Program Files\\nodejs\\node.exe',
1 verbose cli   'C:\\Program Files\\nodejs\\node_modules\\npm\\bin\\npm-cli.js',
1 verbose cli   'run-script',
1 verbose cli   'dev' ]
2 info using npm@3.8.7
3 info using node@v4.4.3
4 verbose run-script [ 'predev', 'dev', 'postdev' ]
5 info lifecycle sample-project@1.0.0~predev: sample-project@1.0.0
6 silly lifecycle sample-project@1.0.0~predev: no script for predev, continuing
7 info lifecycle sample-project@1.0.0~dev: sample-project@1.0.0
8 verbose lifecycle sample-project@1.0.0~dev: unsafe-perm in lifecycle true
9 verbose lifecycle sample-project@1.0.0~dev: PATH: C:\Program Files\nodejs\node_modules\npm\bin\node-gyp-bin;D:\3_web\study\freecodecamp\data-visualization-projects\markdown-previewer\node_modules\.bin;C:\Program Files\nodejs;C:\ProgramData\Oracle\Java\javapath;C:\Program Files (x86)\Atmel\AVR Tools\AVR Toolchain\bin;C:\Program Files (x86)\Common Files\Intel\Shared Files\cpp\bin\Intel64;C:\Program Files (x86)\Borland\Delphi7\Bin;C:\Program Files (x86)\Borland\Delphi7\Projects\Bpl\;C:\Program Files (x86)\Intel\iCLS Client\;C:\Program Files\Intel\iCLS Client\;C:\WINDOWS\system32;C:\WINDOWS;C:\WINDOWS\System32\Wbem;C:\WINDOWS\System32\WindowsPowerShell\v1.0\;C:\Program Files (x86)\Intel\OpenCL SDK\2.0\bin\x86;C:\Program Files (x86)\Intel\OpenCL SDK\2.0\bin\x64;C:\Program Files\Condusiv Technologies\ExpressCache\;C:\Program Files (x86)\Windows Live\Shared;C:\Program Files (x86)\Microsoft ASP.NET\ASP.NET Web Pages\v1.0\;C:\Program Files (x86)\Windows Kits\8.0\Windows Performance Toolkit\;C:\Program Files\Microsoft SQL Server\110\Tools\Binn\;C:\Program Files\MATLAB\R2013b\runtime\win64;C:\Program Files\MATLAB\R2013b\bin;C:\Program Files\MATLAB\R2013b\polyspace\bin;C;C:\Program Files\Intel\Intel(R) Management Engine Components\DAL;C:\Program Files\Intel\Intel(R) Management Engine Components\IPT;C:\Program Files (x86)\Intel\Intel(R) Management Engine Components\DAL;C:\Program Files (x86)\Intel\Intel(R) Management Engine Components\IPT;C:\Program Files (x86)\Heroku\bin;C:\Program Files (x86)\git\cmd;C:\Program Files\Microsoft\Web Platform Installer\;c:\Program Files (x86)\Microsoft SQL Server\100\Tools\Binn\;c:\Program Files\Microsoft SQL Server\100\Tools\Binn\;c:\Program Files\Microsoft SQL Server\100\DTS\Binn\;C:\Python27;C:\Python27\Scripts;C:\Python27\Scripts\django-admin.py;C:\Program Files (x86)\Common Files\Acronis\SnapAPI\;C:\Program Files\Microsoft SQL Server\120\Tools\Binn\;C:\Program Files (x86)\Skype\Phone\;C:\Program Files (x86)\Subversion\bin;C:\Program Files\Git\cmd;C:\Program Files\nodejs\;C:\Program Files\TortoiseSVN\bin;D:\RailsInstaller\Git\cmd;D:\RailsInstaller\Ruby2.1.0\bin;C:\Python27;C:\Python27\Scripts;C:\Python27\Scripts\django-admin.py;C:\Users\nvc\AppData\Local\atom\bin;C:\OpenServer\modules\php\PHP-5.6-x64;C:\Program Files\Git\bin;C:\Users\nvc\AppData\Roaming\npm;C:\MinGW\bin;C:\Program Files\Git\usr\bin
10 verbose lifecycle sample-project@1.0.0~dev: CWD: D:\3_web\study\freecodecamp\data-visualization-projects\markdown-previewer
11 silly lifecycle sample-project@1.0.0~dev: Args: [ '/d /s /c',
11 silly lifecycle   'set NODE_ENV=development&&webpack  --display-error-details' ]
12 silly lifecycle sample-project@1.0.0~dev: Returned: code: 1  signal: null
13 info lifecycle sample-project@1.0.0~dev: Failed to exec dev script
14 verbose stack Error: sample-project@1.0.0 dev: `set NODE_ENV=development&&webpack  --display-error-details`
14 verbose stack Exit status 1
14 verbose stack     at EventEmitter.<anonymous> (C:\Program Files\nodejs\node_modules\npm\lib\utils\lifecycle.js:244:16)
14 verbose stack     at emitTwo (events.js:87:13)
14 verbose stack     at EventEmitter.emit (events.js:172:7)
14 verbose stack     at ChildProcess.<anonymous> (C:\Program Files\nodejs\node_modules\npm\lib\utils\spawn.js:24:14)
14 verbose stack     at emitTwo (events.js:87:13)
14 verbose stack     at ChildProcess.emit (events.js:172:7)
14 verbose stack     at maybeClose (internal/child_process.js:827:16)
14 verbose stack     at Process.ChildProcess._handle.onexit (internal/child_process.js:211:5)
15 verbose pkgid sample-project@1.0.0
16 verbose cwd D:\3_web\study\freecodecamp\data-visualization-projects\markdown-previewer
17 error Windows_NT 10.0.10586
18 error argv "C:\\Program Files\\nodejs\\node.exe" "C:\\Program Files\\nodejs\\node_modules\\npm\\bin\\npm-cli.js" "run-script" "dev"
19 error node v4.4.3
20 error npm  v3.8.7
21 error code ELIFECYCLE
22 error sample-project@1.0.0 dev: `set NODE_ENV=development&&webpack  --display-error-details`
22 error Exit status 1
23 error Failed at the sample-project@1.0.0 dev script 'set NODE_ENV=development&&webpack  --display-error-details'.
23 error Make sure you have the latest version of node.js and npm installed.
23 error If you do, this is most likely a problem with the sample-project package,
23 error not with npm itself.
23 error Tell the author that this fails on your system:
23 error     set NODE_ENV=development&&webpack  --display-error-details
23 error You can get information on how to open an issue for this project with:
23 error     npm bugs sample-project
23 error Or if that isn't available, you can get their info via:
23 error     npm owner ls sample-project
23 error There is likely additional logging output above.
24 verbose exit [ 1, true ]
